1681668487.484840 client started (8382): version 3.3a, socket /private/tmp/tmux-501/default, protocol 8
1681668487.484936 on Darwin 22.3.0 Darwin Kernel Version 22.3.0: Mon Jan 30 20:39:35 PST 2023; root:xnu-8792.81.3~2/RELEASE_ARM64_T8103
1681668487.484982 using libevent 2.1.12-stable (select); utf8proc 2.8.0; ncurses 6.3
1681668487.485032 flags are 0x18010000
1681668487.485048 socket is /private/tmp/tmux-501/default
1681668487.485068 trying connect
1681668487.485286 add peer 0x118008000: 6 (0x0)
1681668487.489701 sending message 100 to peer 0x118008000 (4 bytes)
1681668487.489721 sending message 111 to peer 0x118008000 (8 bytes)
1681668487.489730 sending message 101 to peer 0x118008000 (15 bytes)
1681668487.489738 sending message 109 to peer 0x118008000 (4 bytes)
1681668487.489745 sending message 102 to peer 0x118008000 (13 bytes)
1681668487.489753 sending message 108 to peer 0x118008000 (34 bytes)
1681668487.489760 sending message 112 to peer 0x118008000 (58 bytes)
1681668487.489767 sending message 112 to peer 0x118008000 (5 bytes)
1681668487.489773 sending message 112 to peer 0x118008000 (5 bytes)
1681668487.489780 sending message 112 to peer 0x118008000 (6 bytes)
1681668487.489786 sending message 112 to peer 0x118008000 (6 bytes)
1681668487.489793 sending message 112 to peer 0x118008000 (11 bytes)
1681668487.489800 sending message 112 to peer 0x118008000 (10 bytes)
1681668487.489806 sending message 112 to peer 0x118008000 (13 bytes)
1681668487.489813 sending message 112 to peer 0x118008000 (14 bytes)
1681668487.489819 sending message 112 to peer 0x118008000 (19 bytes)
1681668487.489825 sending message 112 to peer 0x118008000 (11 bytes)
1681668487.489832 sending message 112 to peer 0x118008000 (10 bytes)
1681668487.489838 sending message 112 to peer 0x118008000 (15 bytes)
1681668487.489845 sending message 112 to peer 0x118008000 (21 bytes)
1681668487.489851 sending message 112 to peer 0x118008000 (13 bytes)
1681668487.489858 sending message 112 to peer 0x118008000 (7 bytes)
1681668487.489864 sending message 112 to peer 0x118008000 (13 bytes)
1681668487.489870 sending message 112 to peer 0x118008000 (7 bytes)
1681668487.489877 sending message 112 to peer 0x118008000 (13 bytes)
1681668487.489883 sending message 112 to peer 0x118008000 (9 bytes)
1681668487.489890 sending message 112 to peer 0x118008000 (21 bytes)
1681668487.489896 sending message 112 to peer 0x118008000 (13 bytes)
1681668487.489902 sending message 112 to peer 0x118008000 (9 bytes)
1681668487.489909 sending message 112 to peer 0x118008000 (16 bytes)
1681668487.489916 sending message 112 to peer 0x118008000 (13 bytes)
1681668487.489922 sending message 112 to peer 0x118008000 (9 bytes)
1681668487.489928 sending message 112 to peer 0x118008000 (9 bytes)
1681668487.489935 sending message 112 to peer 0x118008000 (12 bytes)
1681668487.489941 sending message 112 to peer 0x118008000 (8 bytes)
1681668487.489948 sending message 112 to peer 0x118008000 (8 bytes)
1681668487.489954 sending message 112 to peer 0x118008000 (13 bytes)
1681668487.489961 sending message 112 to peer 0x118008000 (7 bytes)
1681668487.489967 sending message 112 to peer 0x118008000 (7 bytes)
1681668487.489973 sending message 112 to peer 0x118008000 (9 bytes)
1681668487.489980 sending message 112 to peer 0x118008000 (9 bytes)
1681668487.489986 sending message 112 to peer 0x118008000 (15 bytes)
1681668487.489992 sending message 112 to peer 0x118008000 (13 bytes)
1681668487.489999 sending message 112 to peer 0x118008000 (12 bytes)
1681668487.490005 sending message 112 to peer 0x118008000 (8 bytes)
1681668487.490011 sending message 112 to peer 0x118008000 (14 bytes)
1681668487.490018 sending message 112 to peer 0x118008000 (11 bytes)
1681668487.490024 sending message 112 to peer 0x118008000 (9 bytes)
1681668487.490031 sending message 112 to peer 0x118008000 (10 bytes)
1681668487.490037 sending message 112 to peer 0x118008000 (10 bytes)
1681668487.490044 sending message 112 to peer 0x118008000 (10 bytes)
1681668487.490050 sending message 112 to peer 0x118008000 (10 bytes)
1681668487.490057 sending message 112 to peer 0x118008000 (11 bytes)
1681668487.490074 sending message 112 to peer 0x118008000 (12 bytes)
1681668487.490079 sending message 112 to peer 0x118008000 (12 bytes)
1681668487.490084 sending message 112 to peer 0x118008000 (12 bytes)
1681668487.490088 sending message 112 to peer 0x118008000 (12 bytes)
1681668487.490092 sending message 112 to peer 0x118008000 (12 bytes)
1681668487.490097 sending message 112 to peer 0x118008000 (11 bytes)
1681668487.490101 sending message 112 to peer 0x118008000 (11 bytes)
1681668487.490105 sending message 112 to peer 0x118008000 (12 bytes)
1681668487.490110 sending message 112 to peer 0x118008000 (12 bytes)
1681668487.490114 sending message 112 to peer 0x118008000 (12 bytes)
1681668487.490119 sending message 112 to peer 0x118008000 (12 bytes)
1681668487.490123 sending message 112 to peer 0x118008000 (12 bytes)
1681668487.490127 sending message 112 to peer 0x118008000 (9 bytes)
1681668487.490132 sending message 112 to peer 0x118008000 (12 bytes)
1681668487.490136 sending message 112 to peer 0x118008000 (13 bytes)
1681668487.490141 sending message 112 to peer 0x118008000 (13 bytes)
1681668487.490145 sending message 112 to peer 0x118008000 (13 bytes)
1681668487.490150 sending message 112 to peer 0x118008000 (13 bytes)
1681668487.490154 sending message 112 to peer 0x118008000 (13 bytes)
1681668487.490159 sending message 112 to peer 0x118008000 (8 bytes)
1681668487.490163 sending message 112 to peer 0x118008000 (11 bytes)
1681668487.490167 sending message 112 to peer 0x118008000 (11 bytes)
1681668487.490172 sending message 112 to peer 0x118008000 (11 bytes)
1681668487.490176 sending message 112 to peer 0x118008000 (12 bytes)
1681668487.490181 sending message 112 to peer 0x118008000 (12 bytes)
1681668487.490185 sending message 112 to peer 0x118008000 (12 bytes)
1681668487.490189 sending message 112 to peer 0x118008000 (12 bytes)
1681668487.490194 sending message 112 to peer 0x118008000 (13 bytes)
1681668487.490198 sending message 112 to peer 0x118008000 (13 bytes)
1681668487.490203 sending message 112 to peer 0x118008000 (13 bytes)
1681668487.490207 sending message 112 to peer 0x118008000 (8 bytes)
1681668487.490211 sending message 112 to peer 0x118008000 (13 bytes)
1681668487.490216 sending message 112 to peer 0x118008000 (13 bytes)
1681668487.490220 sending message 112 to peer 0x118008000 (13 bytes)
1681668487.490224 sending message 112 to peer 0x118008000 (13 bytes)
1681668487.490229 sending message 112 to peer 0x118008000 (13 bytes)
1681668487.490233 sending message 112 to peer 0x118008000 (12 bytes)
1681668487.490237 sending message 112 to peer 0x118008000 (12 bytes)
1681668487.490241 sending message 112 to peer 0x118008000 (12 bytes)
1681668487.490246 sending message 112 to peer 0x118008000 (12 bytes)
1681668487.490250 sending message 112 to peer 0x118008000 (13 bytes)
1681668487.490254 sending message 112 to peer 0x118008000 (8 bytes)
1681668487.490259 sending message 112 to peer 0x118008000 (13 bytes)
1681668487.490263 sending message 112 to peer 0x118008000 (13 bytes)
1681668487.490268 sending message 112 to peer 0x118008000 (13 bytes)
1681668487.490272 sending message 112 to peer 0x118008000 (13 bytes)
1681668487.490276 sending message 112 to peer 0x118008000 (13 bytes)
1681668487.490280 sending message 112 to peer 0x118008000 (13 bytes)
1681668487.490285 sending message 112 to peer 0x118008000 (13 bytes)
1681668487.490289 sending message 112 to peer 0x118008000 (12 bytes)
1681668487.490294 sending message 112 to peer 0x118008000 (12 bytes)
1681668487.490298 sending message 112 to peer 0x118008000 (12 bytes)
1681668487.490302 sending message 112 to peer 0x118008000 (8 bytes)
1681668487.490307 sending message 112 to peer 0x118008000 (12 bytes)
1681668487.490311 sending message 112 to peer 0x118008000 (13 bytes)
1681668487.490315 sending message 112 to peer 0x118008000 (13 bytes)
1681668487.490320 sending message 112 to peer 0x118008000 (13 bytes)
1681668487.490324 sending message 112 to peer 0x118008000 (13 bytes)
1681668487.490328 sending message 112 to peer 0x118008000 (13 bytes)
1681668487.490341 sending message 112 to peer 0x118008000 (13 bytes)
1681668487.490345 sending message 112 to peer 0x118008000 (13 bytes)
1681668487.490350 sending message 112 to peer 0x118008000 (13 bytes)
1681668487.490354 sending message 112 to peer 0x118008000 (12 bytes)
1681668487.490359 sending message 112 to peer 0x118008000 (10 bytes)
1681668487.490363 sending message 112 to peer 0x118008000 (12 bytes)
1681668487.490368 sending message 112 to peer 0x118008000 (12 bytes)
1681668487.490372 sending message 112 to peer 0x118008000 (12 bytes)
1681668487.490377 sending message 112 to peer 0x118008000 (13 bytes)
1681668487.490381 sending message 112 to peer 0x118008000 (13 bytes)
1681668487.490385 sending message 112 to peer 0x118008000 (13 bytes)
1681668487.490390 sending message 112 to peer 0x118008000 (13 bytes)
1681668487.490394 sending message 112 to peer 0x118008000 (13 bytes)
1681668487.490398 sending message 112 to peer 0x118008000 (13 bytes)
1681668487.490403 sending message 112 to peer 0x118008000 (13 bytes)
1681668487.490407 sending message 112 to peer 0x118008000 (10 bytes)
1681668487.490412 sending message 112 to peer 0x118008000 (13 bytes)
1681668487.490416 sending message 112 to peer 0x118008000 (12 bytes)
1681668487.490420 sending message 112 to peer 0x118008000 (12 bytes)
1681668487.490425 sending message 112 to peer 0x118008000 (12 bytes)
1681668487.490429 sending message 112 to peer 0x118008000 (10 bytes)
1681668487.490434 sending message 112 to peer 0x118008000 (10 bytes)
1681668487.490438 sending message 112 to peer 0x118008000 (10 bytes)
1681668487.490442 sending message 112 to peer 0x118008000 (12 bytes)
1681668487.490447 sending message 112 to peer 0x118008000 (13 bytes)
1681668487.490451 sending message 112 to peer 0x118008000 (13 bytes)
1681668487.490455 sending message 112 to peer 0x118008000 (13 bytes)
1681668487.490460 sending message 112 to peer 0x118008000 (13 bytes)
1681668487.490464 sending message 112 to peer 0x118008000 (13 bytes)
1681668487.490469 sending message 112 to peer 0x118008000 (10 bytes)
1681668487.490473 sending message 112 to peer 0x118008000 (11 bytes)
1681668487.490477 sending message 112 to peer 0x118008000 (12 bytes)
1681668487.490482 sending message 112 to peer 0x118008000 (12 bytes)
1681668487.490486 sending message 112 to peer 0x118008000 (12 bytes)
1681668487.490491 sending message 112 to peer 0x118008000 (12 bytes)
1681668487.490495 sending message 112 to peer 0x118008000 (12 bytes)
1681668487.490499 sending message 112 to peer 0x118008000 (11 bytes)
1681668487.490503 sending message 112 to peer 0x118008000 (12 bytes)
1681668487.490508 sending message 112 to peer 0x118008000 (12 bytes)
1681668487.490512 sending message 112 to peer 0x118008000 (13 bytes)
1681668487.490516 sending message 112 to peer 0x118008000 (13 bytes)
1681668487.490521 sending message 112 to peer 0x118008000 (13 bytes)
1681668487.490525 sending message 112 to peer 0x118008000 (13 bytes)
1681668487.490529 sending message 112 to peer 0x118008000 (13 bytes)
1681668487.490534 sending message 112 to peer 0x118008000 (10 bytes)
1681668487.490538 sending message 112 to peer 0x118008000 (9 bytes)
1681668487.490542 sending message 112 to peer 0x118008000 (12 bytes)
1681668487.490547 sending message 112 to peer 0x118008000 (13 bytes)
1681668487.490551 sending message 112 to peer 0x118008000 (13 bytes)
1681668487.490556 sending message 112 to peer 0x118008000 (13 bytes)
1681668487.490560 sending message 112 to peer 0x118008000 (13 bytes)
1681668487.490564 sending message 112 to peer 0x118008000 (13 bytes)
1681668487.490569 sending message 112 to peer 0x118008000 (9 bytes)
1681668487.490573 sending message 112 to peer 0x118008000 (12 bytes)
1681668487.490577 sending message 112 to peer 0x118008000 (13 bytes)
1681668487.490582 sending message 112 to peer 0x118008000 (13 bytes)
1681668487.490586 sending message 112 to peer 0x118008000 (13 bytes)
1681668487.490590 sending message 112 to peer 0x118008000 (13 bytes)
1681668487.490595 sending message 112 to peer 0x118008000 (13 bytes)
1681668487.490599 sending message 112 to peer 0x118008000 (11 bytes)
1681668487.490610 sending message 112 to peer 0x118008000 (12 bytes)
1681668487.490614 sending message 112 to peer 0x118008000 (13 bytes)
1681668487.490619 sending message 112 to peer 0x118008000 (13 bytes)
1681668487.490623 sending message 112 to peer 0x118008000 (13 bytes)
1681668487.490628 sending message 112 to peer 0x118008000 (13 bytes)
1681668487.490632 sending message 112 to peer 0x118008000 (13 bytes)
1681668487.490636 sending message 112 to peer 0x118008000 (11 bytes)
1681668487.490641 sending message 112 to peer 0x118008000 (12 bytes)
1681668487.490645 sending message 112 to peer 0x118008000 (12 bytes)
1681668487.490650 sending message 112 to peer 0x118008000 (12 bytes)
1681668487.490654 sending message 112 to peer 0x118008000 (12 bytes)
1681668487.490659 sending message 112 to peer 0x118008000 (12 bytes)
1681668487.490663 sending message 112 to peer 0x118008000 (21 bytes)
1681668487.490668 sending message 112 to peer 0x118008000 (12 bytes)
1681668487.490672 sending message 112 to peer 0x118008000 (9 bytes)
1681668487.490677 sending message 112 to peer 0x118008000 (6 bytes)
1681668487.490682 sending message 112 to peer 0x118008000 (13 bytes)
1681668487.490686 sending message 112 to peer 0x118008000 (10 bytes)
1681668487.490691 sending message 112 to peer 0x118008000 (24 bytes)
1681668487.490695 sending message 112 to peer 0x118008000 (13 bytes)
1681668487.490699 sending message 112 to peer 0x118008000 (9 bytes)
1681668487.490704 sending message 112 to peer 0x118008000 (70 bytes)
1681668487.490708 sending message 112 to peer 0x118008000 (69 bytes)
1681668487.490712 sending message 112 to peer 0x118008000 (12 bytes)
1681668487.490717 sending message 112 to peer 0x118008000 (10 bytes)
1681668487.490721 sending message 112 to peer 0x118008000 (10 bytes)
1681668487.490725 sending message 112 to peer 0x118008000 (24 bytes)
1681668487.490730 sending message 112 to peer 0x118008000 (13 bytes)
1681668487.490735 sending message 112 to peer 0x118008000 (10 bytes)
1681668487.490739 sending message 112 to peer 0x118008000 (10 bytes)
1681668487.490743 sending message 112 to peer 0x118008000 (10 bytes)
1681668487.490748 sending message 112 to peer 0x118008000 (13 bytes)
1681668487.490752 sending message 112 to peer 0x118008000 (15 bytes)
1681668487.490756 sending message 112 to peer 0x118008000 (5 bytes)
1681668487.490763 sending message 104 to peer 0x118008000 (0 bytes)
1681668487.490768 sending message 110 to peer 0x118008000 (0 bytes)
1681668487.490773 sending message 107 to peer 0x118008000 (4 bytes)
1681668487.490778 sending message 105 to peer 0x118008000 (60 bytes)
1681668487.490782 sending message 105 to peer 0x118008000 (66 bytes)
1681668487.490786 sending message 105 to peer 0x118008000 (27 bytes)
1681668487.490791 sending message 105 to peer 0x118008000 (15 bytes)
1681668487.490795 sending message 105 to peer 0x118008000 (18 bytes)
1681668487.490799 sending message 105 to peer 0x118008000 (14 bytes)
1681668487.490804 sending message 105 to peer 0x118008000 (38 bytes)
1681668487.490808 sending message 105 to peer 0x118008000 (28 bytes)
1681668487.490813 sending message 105 to peer 0x118008000 (43 bytes)
1681668487.490817 sending message 105 to peer 0x118008000 (15 bytes)
1681668487.490821 sending message 105 to peer 0x118008000 (28 bytes)
1681668487.490826 sending message 105 to peer 0x118008000 (23 bytes)
1681668487.490830 sending message 105 to peer 0x118008000 (796 bytes)
1681668487.490835 sending message 105 to peer 0x118008000 (19 bytes)
1681668487.490840 sending message 105 to peer 0x118008000 (20 bytes)
1681668487.490844 sending message 105 to peer 0x118008000 (22 bytes)
1681668487.490849 sending message 105 to peer 0x118008000 (20 bytes)
1681668487.490853 sending message 105 to peer 0x118008000 (26 bytes)
1681668487.490857 sending message 105 to peer 0x118008000 (57 bytes)
1681668487.490862 sending message 105 to peer 0x118008000 (19 bytes)
1681668487.490866 sending message 105 to peer 0x118008000 (19 bytes)
1681668487.490871 sending message 105 to peer 0x118008000 (22 bytes)
1681668487.490884 sending message 105 to peer 0x118008000 (61 bytes)
1681668487.490889 sending message 105 to peer 0x118008000 (32 bytes)
1681668487.490893 sending message 105 to peer 0x118008000 (8 bytes)
1681668487.490898 sending message 105 to peer 0x118008000 (28 bytes)
1681668487.490903 sending message 105 to peer 0x118008000 (28 bytes)
1681668487.490907 sending message 105 to peer 0x118008000 (12 bytes)
1681668487.490912 sending message 105 to peer 0x118008000 (22 bytes)
1681668487.490916 sending message 105 to peer 0x118008000 (36 bytes)
1681668487.490921 sending message 105 to peer 0x118008000 (12 bytes)
1681668487.490925 sending message 105 to peer 0x118008000 (39 bytes)
1681668487.490929 sending message 105 to peer 0x118008000 (48 bytes)
1681668487.490934 sending message 105 to peer 0x118008000 (53 bytes)
1681668487.490938 sending message 105 to peer 0x118008000 (43 bytes)
1681668487.490943 sending message 105 to peer 0x118008000 (11 bytes)
1681668487.490947 sending message 105 to peer 0x118008000 (8 bytes)
1681668487.490952 sending message 105 to peer 0x118008000 (32 bytes)
1681668487.490956 sending message 105 to peer 0x118008000 (96 bytes)
1681668487.490965 sending message 105 to peer 0x118008000 (10 bytes)
1681668487.490970 sending message 105 to peer 0x118008000 (51 bytes)
1681668487.490975 sending message 105 to peer 0x118008000 (7 bytes)
1681668487.490980 sending message 105 to peer 0x118008000 (11 bytes)
1681668487.490984 sending message 105 to peer 0x118008000 (59 bytes)
1681668487.490988 sending message 105 to peer 0x118008000 (14 bytes)
1681668487.490993 sending message 105 to peer 0x118008000 (25 bytes)
1681668487.490997 sending message 106 to peer 0x118008000 (0 bytes)
1681668487.491071 sending message 200 to peer 0x118008000 (4 bytes)
1681668487.491078 client loop enter
1681668487.500393 peer 0x118008000 message 207
1681668487.500423 sending message 208 to peer 0x118008000 (0 bytes)
1681668498.596559 peer 0x118008000 message 203
1681668498.596608 sending message 205 to peer 0x118008000 (0 bytes)
1681668498.596902 peer 0x118008000 message 204
1681668498.596920 client loop exit
